                                   Employee Report                      2021/04/15 14:46:46
                                     *************
     Acct#            Last           First         Date of          Annual      Department             Age           Phone
                      Name         Initial           Birth          Salary            Code                          Number

     0003*            Earl              C.     Set.17,2000      $39,393.90               W              21         850-340-9090
     1003*           James              W.     Set.23,2001      $34,344.90               R              20         850-534-9033
      1103            MarK              J.     Set.19,2000      $29,292.90               A              21         850-345-9030
      1192             Joe              J.     Set.18,2000      $19,192.90               X              21         850-123-0303
     1534*           James              E.     Set.22,2001      $50,000.03               T              20         850-345-8939
      1785            Mary              S.     Set.26,2001      $83,838.89               S              20         850-529-9039
      1931           Terry              J.     Jan.20,2019      $34,903.90               V               2         939-903-9303
      2342           Kelly              M.     Mar.12,1989      $12,345.90               A              32         895-059-0950
     2534*            Mary              E.     Set.25,2001      $84,848.89               W              20         850-828-9303
      2771           Harry              R.     Feb.29,2000      $94,944.90               V              21         938-930-9093
      2781         GoodWin              J.     Mar.14,1987      $28,292.90               C              34         894-903-9383
     2785*            Mary              W.     Set.30,2001      $93,939.90               X              20         850-850-8900
      2991            Mary              S.     Feb.28,2000      $98,349.90               F              21         849-940-9404
      3003            Will              R.     Set.20,2000      $39,393.90               Q              21         850-345-9303
      3534         Jackson              A.     Apr.20,1994       $9,494.90               D              27         939-300-9393
     4534*            Mary              N.     Set.27,2001      $85,885.98               W              20         850-333-9313
      8484           James              N.     Set.22,2001      $98,595.90               E              20         850-909-9595
      9999           James              S.     Set.24,2001      $89,595.90               T              20         850-959-9099
